<?xml version="1.0" encoding="UTF-8"?>
<!-- Generated by org.testng.reporters.JUnitReportReporter -->
<testsuite hostname="DESKTOP-H9GIMGA" failures="0" tests="1" name="tes.SpiceJetTest" time="19.281" errors="0" timestamp="2025-02-25T22:43:28 IST" skipped="0">
  <testcase classname="tes.SpiceJetTest" name="testOpenWebsite" time="19.281"/>
  <system-out/>
</testsuite> <!-- tes.SpiceJetTest -->
