<?xml version="1.0" encoding="UTF-8"?>
<!-- Generated by org.testng.reporters.JUnitReportReporter -->
<testsuite hostname="DESKTOP-H9GIMGA" failures="0" tests="1" name="tes.CreateAccountPageTest" time="8.109" errors="0" timestamp="2025-02-25T23:45:13 IST" skipped="0">
  <testcase classname="tes.CreateAccountPageTest" name="CreateAcc" time="8.109"/>
  <system-out/>
</testsuite> <!-- tes.CreateAccountPageTest -->
